[22:13:41.868] [INFO] storybook v10.3.4
[22:13:42.376] [DEBUG] Getting package.json info for /home/majoh/Projects/mine/libra-weight-fetcher/package.json...
[22:13:42.377] [WARN] You are currently using Storybook [1m10.3.4[22m but you have packages which are incompatible with it:

- @storybook/addon-essentials@8.6.14 which depends on 8.6.14
 Repo: https://github.com/storybookjs/storybook/tree/next/code/addons/essentials
- @storybook/addon-interactions@8.6.14 which depends on 8.6.14
 Repo: https://github.com/storybookjs/storybook/tree/next/code/addons/interactions
- @storybook/test@8.6.15 which depends on 8.6.15
 Repo: https://github.com/storybookjs/storybook/tree/next/code/lib/test

Please consider updating your packages or contacting the maintainers for compatibility details.

For more details on compatibility guidance, see:
https://github.com/storybookjs/storybook/issues/32836
[22:13:42.482] [INFO] Starting...
[22:13:42.504] [WARN] No story files found for the specified pattern: [34msrc/**/*.mdx[39m
[22:13:42.580] [ERROR] Error: There was an exports mismatch error when trying to build Storybook.
Please check whether the versions of your Storybook packages match whenever possible, as this might be the cause.

Problematic example:
{ "@storybook/react": "7.5.3", "@storybook/react-vite": "7.4.5", "storybook": "7.3.0" }

Correct example:
{ "@storybook/react": "7.5.3", "@storybook/react-vite": "7.5.3", "storybook": "7.5.3" }

Please run `npx storybook doctor` for guidance on how to fix this issue.

More info: 

    at buildOrThrow (./node_modules/storybook/dist/core-server/index.js:4513:13)
    at async buildDevStandalone (./node_modules/storybook/dist/core-server/index.js:8033:47)
    at async withTelemetry (./node_modules/storybook/dist/_node-chunks/chunk-HUYNFPPD.js:225:18)
    at async <anonymous> (./node_modules/storybook/dist/bin/core.js:2736:9)
    at processTicksAndRejections (native:7:39)
[22:13:42.581] [WARN] Broken build, fix the error above.
You may need to refresh the browser.
[22:13:45.760] [PROMPT] Would you like to send anonymous crash reports to improve Storybook and fix bugs faster? {"choice":false}